<?xml version="1.0" encoding="UTF-8" ?>
<testsuite errors="1" failures="0" hostname="YMQM00556267A" name="org.apache.jorphan.test.AllTests" skipped="0" tests="1" time="0.0" timestamp="2015-10-22T06:18:16">
  <properties>
    <property name="src.core" value="src/core" />
    <property name="htmlparser.loc" value="https://repo1.maven.org/maven2/org/htmlparser/htmlparser/2.1" />
    <property name="xml-apis.version" value="1.4.01" />
    <property name="build.ftp" value="build/protocol/ftp" />
    <property name="jtidy.version" value="r938" />
    <property name="ant.library.dir" value="/Users/i840044/dev/eclipseConcordia/Eclipse.app/Contents/Eclipse/plugins/org.apache.ant_1.9.4.v201504302020/lib" />
    <property name="bcpkix.loc" value="https://repo1.maven.org/maven2/org/bouncycastle/bcpkix-jdk15on/1.49" />
    <property name="apache-bsf.loc" value="https://repo1.maven.org/maven2/bsf/bsf/2.4.0" />
    <property name="excalibur-instrument.loc" value="https://repo1.maven.org/maven2/excalibur-instrument/excalibur-instrument/1.0" />
    <property name="jsoup.loc" value="https://repo1.maven.org/maven2/org/jsoup/jsoup/1.8.1" />
    <property name="ant.core.lib" value="/Users/i840044/dev/eclipseConcordia/Eclipse.app/Contents/Eclipse/plugins/org.apache.ant_1.9.4.v201504302020/lib/ant.jar" />
    <property name="user.dir" value="/Users/i840044/dev/apache-jmeter-src/apache-jmeter-2.13/bin" />
    <property name="commons-lang3.loc" value="https://repo1.maven.org/maven2/org/apache/commons/commons-lang3/3.3.2" />
    <property name="java.vm.version" value="25.25-b02" />
    <property name="htmllexer.loc" value="https://repo1.maven.org/maven2/org/htmlparser/htmllexer/2.1" />
    <property name="commons-math3.md5" value="14a218d0ee57907dd2c7ef944b6c0afd" />
    <property name="eclipse.anakia" value="." />
    <property name="src.java.version" value="1.6" />
    <property name="commons-jexl2.version" value="2.1.1" />
    <property name="javamail.md5" value="7b56e34995f7f1cb55d7806b935f90a4" />
    <property name="commons-net.md5" value="c077ca61598e9c21f43f8b6488fbbee9" />
    <property name="htmlparser.jar" value="htmlparser-2.1.jar" />
    <property name="lib.dir" value="lib" />
    <property name="xalan.md5" value="6aa6607802502c8016b676f25f8e4873" />
    <property name="httpclient.md5" value="7bae53a30550dd3eb62db72ab08fcd94" />
    <property name="commons-lang.md5" value="4d5c1693079575b362edf41500630bbd" />
    <property name="commons-logging.loc" value="https://repo1.maven.org/maven2/commons-logging/commons-logging/1.2" />
    <property name="bcpkix.jar" value="bcpkix-jdk15on-1.49.jar" />
    <property name="apache-bsf.jar" value="bsf-2.4.0.jar" />
    <property name="excalibur-pool-impl.loc" value="https://repo1.maven.org/maven2/excalibur-pool/excalibur-pool-impl/2.1" />
    <property name="sun.os.patch.level" value="unknown" />
    <property name="xmlgraphics-commons.version" value="1.5" />
    <property name="excalibur-instrument.jar" value="excalibur-instrument-1.0.jar" />
    <property name="jsoup.jar" value="jsoup-1.8.1.jar" />
    <property name="java.vm.specification.name" value="Java Virtual Machine Specification" />
    <property name="httpclient.version" value="4.2.6" />
    <property name="commons-lang3.jar" value="commons-lang3-3.3.2.jar" />
    <property name="jodd-lagarto.loc" value="https://repo1.maven.org/maven2/org/jodd/jodd-lagarto/3.6.4" />
    <property name="htmllexer.jar" value="htmllexer-2.1.jar" />
    <property name="soap.loc" value="https://repo1.maven.org/maven2/soap/soap/2.3.1" />
    <property name="commons-httpclient.loc" value="https://repo1.maven.org/maven2/commons-httpclient/commons-httpclient/3.1" />
    <property name="src.jms" value="src/protocol/jms" />
    <property name="commons-jexl2.md5" value="4ad8f5c161dd3a50e190334555675db9" />
    <property name="os.name" value="Mac OS X" />
    <property name="test.case" value="org.apache.jorphan.test.AllTests" />
    <property name="httpcore.loc" value="https://repo1.maven.org/maven2/org/apache/httpcomponents/httpcore/4.2.5" />
    <property name="rhino.version" value="1.7R5" />
    <property name="Ant-1.8.0-or-later" value="true" />
    <property name="jodd-core.loc" value="https://repo1.maven.org/maven2/org/jodd/jodd-core/3.6.4" />
    <property name="beanshell.md5" value="02F72336919D06A8491E82346E10B4D5" />
    <property name="commons-logging.jar" value="commons-logging-1.2.jar" />
    <property name="excalibur-pool-impl.jar" value="excalibur-pool-impl-2.1.jar" />
    <property name="build.ldap" value="build/protocol/ldap" />
    <property name="dnsjava.loc" value="https://repo1.maven.org/maven2/dnsjava/dnsjava/2.1.7" />
    <property name="jodd-core.version" value="3.6.4" />
    <property name="java.vendor.url.bug" value="http://bugreport.sun.com/bugreport/" />
    <property name="os.arch" value="x86_64" />
    <property name="user.name" value="i840044" />
    <property name="maven2.repo" value="https://repo1.maven.org/maven2" />
    <property name="jodd-lagarto.jar" value="jodd-lagarto-3.6.4.jar" />
    <property name="soap.jar" value="soap-2.3.1.jar" />
    <property name="commons-httpclient.jar" value="commons-httpclient-3.1.jar" />
    <property name="target.java.version" value="1.6" />
    <property name="tika-parsers.version" value="1.7" />
    <property name="serializer.version" value="2.7.2" />
    <property name="sun.java.command" value="org.apache.tools.ant.taskdefs.optional.junit.JUnitTestRunner org.apache.jorphan.test.AllTests skipNonTests=false filtertrace=true haltOnError=false haltOnFailure=false formatter=org.apache.tools.ant.taskdefs.optional.junit.SummaryJUnitResultFormatter showoutput=false outputtoformatters=true logfailedtests=true threadid=0 logtestlistenerevents=false formatter=org.apache.tools.ant.taskdefs.optional.junit.PlainJUnitResultFormatter,/Users/i840044/dev/apache-jmeter-src/apache-jmeter-2.13/reports/TEST-org.apache.jorphan.test.AllTests.txt formatter=org.apache.tools.ant.taskdefs.optional.junit.XMLJUnitResultFormatter,/Users/i840044/dev/apache-jmeter-src/apache-jmeter-2.13/reports/TEST-org.apache.jorphan.test.AllTests.xml crashfile=/Users/i840044/dev/apache-jmeter-src/apache-jmeter-2.13/junitvmwatcher4858925004992330617.properties propsfile=/Users/i840044/dev/apache-jmeter-src/apache-jmeter-2.13/junit2754808197458272441.properties" />
    <property name="excalibur-pool-instrumented.loc" value="https://repo1.maven.org/maven2/excalibur-pool/excalibur-pool-instrumented/2.1" />
    <property name="slf4j-nop.loc" value="https://repo1.maven.org/maven2/org/slf4j/slf4j-nop/1.7.10" />
    <property name="serializer.loc" value="https://repo1.maven.org/maven2/xalan/serializer/2.7.2" />
    <property name="anakia.lastModifiedCheck" value="true" />
    <property name="docversion" value="${jmeter.version}" />
    <property name="build.tcp" value="build/protocol/tcp" />
    <property name="httpcore.jar" value="httpcore-4.2.5.jar" />
    <property name="jcharts.md5" value="13927D8077C991E7EBCD8CB284746A7A" />
    <property name="bcpkix.version" value="1.49" />
    <property name="commons-httpclient.version" value="3.1" />
    <property name="jodd-core.jar" value="jodd-core-3.6.4.jar" />
    <property name="src.test" value="test/src" />
    <property name="excalibur-datasource.md5" value="7a57ccdfeda3a4f157016f5a9270a4f9" />
    <property name="commons-codec.md5" value="353cf6a2bdba09595ccfa073b78c7fcb" />
    <property name="user.country" value="US" />
    <property name="dnsjava.jar" value="dnsjava-2.1.7.jar" />
    <property name="javadoc.encoding" value="UTF-8" />
    <property name="tika-core.md5" value="c66035fe13853bb3925b00b30c1cd1de" />
    <property name="encoding" value="UTF-8" />
    <property name="excalibur-instrument.version" value="1.0" />
    <property name="excalibur-pool-instrumented.jar" value="excalibur-pool-instrumented-2.1.jar" />
    <property name="xstream.loc" value="https://repo1.maven.org/maven2/com/thoughtworks/xstream/xstream/1.4.8" />
    <property name="htmlparser.version" value="2.1" />
    <property name="rhino.loc" value="https://repo1.maven.org/maven2/org/mozilla/rhino/1.7R5" />
    <property name="slf4j-nop.jar" value="slf4j-nop-1.7.10.jar" />
    <property name="java.endorsed.dirs" value="/Library/Java/JavaVirtualMachines/jdk1.8.0_25.jdk/Contents/Home/jre/lib/endorsed" />
    <property name="serializer.jar" value="serializer-2.7.2.jar" />
    <property name="dist.executables" value="bin/jmeter bin/jmeter-server bin/jmeter-report bin/mirror-server bin/*.sh extras/*.sh" />
    <property name="junit.version" value="4.12" />
    <property name="java.vm.specification.version" value="1.8" />
    <property name="src.components" value="src/components" />
    <property name="avalon-framework.version" value="4.1.4" />
    <property name="ftp.nonProxyHosts" value="local|*.local|169.254/16|*.169.254/16" />
    <property name="dest.printable_docs" value="printable_docs" />
    <property name="avalon-framework.loc" value="https://repo1.maven.org/maven2/avalon-framework/avalon-framework/4.1.4" />
    <property name="build.core" value="build/core" />
    <property name="java.vendor" value="Oracle Corporation" />
    <property name="jodd-lagarto.version" value="3.6.4" />
    <property name="build.components" value="build/components" />
    <property name="htmlparser.md5" value="aa05b921026c228f92ef8b4a13c26f8d" />
    <property name="file.separator" value="/" />
    <property name="slf4j-api.loc" value="https://repo1.maven.org/maven2/org/slf4j/slf4j-api/1.7.10" />
    <property name="xstream.jar" value="xstream-1.4.8.jar" />
    <property name="rhino.jar" value="rhino-1.7R5.jar" />
    <property name="commons-collections.version" value="3.2.1" />
    <property name="xerces.version" value="2.11.0" />
    <property name="excalibur-pool-api.loc" value="https://repo1.maven.org/maven2/excalibur-pool/excalibur-pool-api/2.1" />
    <property name="bcpkix.md5" value="cb025ef84fb991e14fdf62f6bef7be53" />
    <property name="apache-bsf.md5" value="16e82d858c648962fb5c959f21959039" />
    <property name="commons-net.version" value="3.3" />
    <property name="sun.java.launcher" value="SUN_STANDARD" />
    <property name="excalibur-instrument.md5" value="81BF95737C97A46836EA5F21F7C82719" />
    <property name="jsoup.md5" value="3e473766c65d0f19bfeceaf810ef2f07" />
    <property name="build.jms" value="build/protocol/jms" />
    <property name="ant.home" value="/Users/i840044/dev/eclipseConcordia/Eclipse.app/Contents/Eclipse/plugins/org.apache.ant_1.9.4.v201504302020" />
    <property name="junit.loc" value="https://repo1.maven.org/maven2/junit/junit/4.12" />
    <property name="commons-lang3.md5" value="3128bf75a2549ebe38663401191bacab" />
    <property name="htmllexer.md5" value="1cb7184766a0c52f4d98d671bb08be19" />
    <property name="commons-pool2.version" value="2.3" />
    <property name="ant.java.version" value="1.8" />
    <property name="java.library.path" value="/Users/i840044/Library/Java/Extensions:/Library/Java/Extensions:/Network/Library/Java/Extensions:/System/Library/Java/Extensions:/usr/lib/java:." />
    <property name="avalon-framework.jar" value="avalon-framework-4.1.4.jar" />
    <property name="DSTAMP" value="20151022" />
    <property name="ant.file.JMeter" value="/Users/i840044/dev/apache-jmeter-src/apache-jmeter-2.13/build.xml" />
    <property name="commons-jexl.loc" value="https://repo1.maven.org/maven2/commons-jexl/commons-jexl/1.1" />
    <property name="sun.arch.data.model" value="64" />
    <property name="basedir" value="/Users/i840044/dev/apache-jmeter-src/apache-jmeter-2.13" />
    <property name="soap.version" value="2.3.1" />
    <property name="slf4j-api.jar" value="slf4j-api-1.7.10.jar" />
    <property name="velocity.loc" value="https://repo1.maven.org/maven2/org/apache/velocity/velocity/1.7" />
    <property name="path.separator" value=":" />
    <property name="commons-logging.md5" value="040b4b4d8eac886f6b4a2a3bd2f31b00" />
    <property name="xalan.version" value="2.7.2" />
    <property name="version.build" value="$Revision: 1664981 $" />
    <property name="rsyntaxtextarea.loc" value="https://repo1.maven.org/maven2/com/fifesoft/rsyntaxtextarea/2.5.6" />
    <property name="sun.io.unicode.encoding" value="UnicodeBig" />
    <property name="excalibur-pool-api.jar" value="excalibur-pool-api-2.1.jar" />
    <property name="xml-apis.loc" value="https://repo1.maven.org/maven2/xml-apis/xml-apis/1.4.01" />
    <property name="excalibur-pool-impl.md5" value="8be9c177894998090b4662326d7f22de" />
    <property name="TSTAMP" value="0218" />
    <property name="httpcore.version" value="4.2.5" />
    <property name="user.language" value="en" />
    <property name="eclipse.pdebuild.home" value="/Users/i840044/dev/eclipseConcordia/Eclipse.app/Contents/Eclipse/plugins/org.eclipse.pde.build_3.9.100.v20150521-1524/.//" />
    <property name="junit.jar" value="junit-4.12.jar" />
    <property name="gump.run" value="false" />
    <property name="jodd-lagarto.md5" value="7a361d48f9f25faf6f97fa43bf29b757" />
    <property name="soap.md5" value="AA1845E01FEE94FE4A63BBCAA55AD486" />
    <property name="commons-httpclient.md5" value="8AD8C9229EF2D59AB9F59F7050E846A5" />
    <property name="jcharts.version" value="0.7.5" />
    <property name="ant.project.invoked-targets" value="junit" />
    <property name="commons-jexl.jar" value="commons-jexl-1.1.jar" />
    <property name="httpcore.md5" value="7e23d35d533b24c1f385724e8b5ba623" />
    <property name="velocity.jar" value="velocity-1.7.jar" />
    <property name="logkit.loc" value="https://repo1.maven.org/maven2/logkit/logkit/2.0" />
    <property name="httpmime.loc" value="https://repo1.maven.org/maven2/org/apache/httpcomponents/httpmime/4.2.6" />
    <property name="gopherProxySet" value="false" />
    <property name="jodd-core.md5" value="0e1dc3aaf0c56b3c02a4399561289a01" />
    <property name="java.class.version" value="52.0" />
    <property name="excalibur-logger.version" value="1.1" />
    <property name="rsyntaxtextarea.jar" value="rsyntaxtextarea-2.5.6.jar" />
    <property name="bcprov.loc" value="https://repo1.maven.org/maven2/org/bouncycastle/bcprov-jdk15on/1.49" />
    <property name="xml-apis.jar" value="xml-apis-1.4.01.jar" />
    <property name="dnsjava.md5" value="11363bd58696feae207a992da2ce7a90" />
    <property name="mongo-java-driver.loc" value="https://repo1.maven.org/maven2/org/mongodb/mongo-java-driver/2.11.3" />
    <property name="resources.meta-inf" value="build/res/META-INF" />
    <property name="file.encoding.pkg" value="sun.io" />
    <property name="sun.cpu.endian" value="little" />
    <property name="excalibur-pool-instrumented.md5" value="1b5425fe0fe63dc67da6fe995db6be31" />
    <property name="xerces.loc" value="https://repo1.maven.org/maven2/xerces/xercesImpl/2.11.0" />
    <property name="slf4j-nop.md5" value="bceaa218daa8d06d7ed151daadc5be78" />
    <property name="serializer.md5" value="e8325763fd4235f174ab7b72ed815db1" />
    <property name="build.test" value="build/test" />
    <property name="build.native" value="build/protocol/native" />
    <property name="logkit.jar" value="logkit-2.0.jar" />
    <property name="httpmime.jar" value="httpmime-4.2.6.jar" />
    <property name="extras.dir" value="extras" />
    <property name="findbugs.outName" value="reports/jmeter-fb" />
    <property name="socksNonProxyHosts" value="local|*.local|169.254/16|*.169.254/16" />
    <property name="excalibur-pool-impl.version" value="2.1" />
    <property name="bcprov.jar" value="bcprov-jdk15on-1.49.jar" />
    <property name="java.home" value="/Library/Java/JavaVirtualMachines/jdk1.8.0_25.jdk/Contents/Home/jre" />
    <property name="excalibur-pool-instrumented.version" value="2.1" />
    <property name="src.http" value="src/protocol/http" />
    <property name="build.jorphan" value="build/jorphan" />
    <property name="mongo-java-driver.jar" value="mongo-java-driver-2.11.3.jar" />
    <property name="bcprov.version" value="1.49" />
    <property name="commons-pool2.loc" value="https://repo1.maven.org/maven2/org/apache/commons/commons-pool2/2.3" />
    <property name="ant.project.default-target" value="install" />
    <property name="apache-bsf.version" value="2.4.0" />
    <property name="src.monitor.components" value="src/monitor/components" />
    <property name="xstream.md5" value="4551a29c38f22ed25eaf109eda50ff03" />
    <property name="xerces.jar" value="xercesImpl-2.11.0.jar" />
    <property name="rhino.md5" value="515233bd8a534c0468f6e397fc6b1925" />
    <property name="commons-lang3.version" value="3.3.2" />
    <property name="http.nonProxyHosts" value="local|*.local|169.254/16|*.169.254/16" />
    <property name="jodd-log.loc" value="https://repo1.maven.org/maven2/org/jodd/jodd-log/3.6.4" />
    <property name="test.format" value="plain" />
    <property name="logkit.version" value="2.0" />
    <property name="commons-jexl.version" value="1.1" />
    <property name="src.mail" value="src/protocol/mail" />
    <property name="src.jorphan" value="src/jorphan" />
    <property name="avalon-framework.md5" value="2C5306A09B22BD06A78343C0B55D021F" />
    <property name="build.mongodb" value="build/protocol/mongodb" />
    <property name="commons-pool2.jar" value="commons-pool2-2.3.jar" />
    <property name="src.java" value="src/protocol/java" />
    <property name="excalibur-pool.version" value="2.1" />
    <property name="src.demos" value="xdocs/demos" />
    <property name="sun.management.compiler" value="HotSpot 64-Bit Tiered Compilers" />
    <property name="slf4j-api.md5" value="3459bdfbe4a9abed1b5b32d2e0c520ee" />
    <property name="xpp3.version" value="1.1.4c" />
    <property name="build.examples" value="build/examples" />
    <property name="excalibur-pool-api.md5" value="f9a224e1ee0896764aadbf7ddd253acc" />
    <property name="ant.file" value="/Users/i840044/dev/apache-jmeter-src/apache-jmeter-2.13/build.xml" />
    <property name="jodd-log.jar" value="jodd-log-3.6.4.jar" />
    <property name="velocity.version" value="1.7" />
    <property name="xmlgraphics-commons.loc" value="https://repo1.maven.org/maven2/org/apache/xmlgraphics/xmlgraphics-commons/1.5" />
    <property name="junit.md5" value="5b38c40c97fbd0adee29f91e60405584" />
    <property name="lib.api" value="lib/api" />
    <property name="xmlpull.loc" value="https://repo1.maven.org/maven2/xmlpull/xmlpull/1.1.3.1" />
    <property name="test.encoding" value="UTF-8" />
    <property name="src.mongodb" value="src/protocol/mongodb" />
    <property name="src.jdbc" value="src/protocol/jdbc" />
    <property name="java.vm.specification.vendor" value="Oracle Corporation" />
    <property name="commons-jexl.md5" value="3F7735D20FCE1DBE05F62FF7A7B178DC" />
    <property name="java.vm.name" value="Java HotSpot(TM) 64-Bit Server VM" />
    <property name="velocity.md5" value="3692dd72f8367cb35fb6280dc2916725" />
    <property name="java.io.tmpdir" value="/var/folders/zs/yp8yjzbn0xsddjn964n0b5q9z7ts3t/T/" />
    <property name="java.vendor.url" value="http://java.oracle.com/" />
    <property name="commons-io.loc" value="https://repo1.maven.org/maven2/commons-io/commons-io/2.4" />
    <property name="jms.loc" value="https://repo1.maven.org/maven2/org/apache/geronimo/specs/geronimo-jms_1.1_spec/1.1.1" />
    <property name="rsyntaxtextarea.md5" value="064450da76e07f5a496dfded67577bdb" />
    <property name="xml-apis.md5" value="7eaad6fea5925cca6c36ee8b3e02ac9d" />
    <property name="xpp3.loc" value="https://repo1.maven.org/maven2/xpp3/xpp3_min/1.1.4c" />
    <property name="build.res" value="build/res" />
    <property name="xmlgraphics-commons.jar" value="xmlgraphics-commons-1.5.jar" />
    <property name="sun.boot.library.path" value="/Library/Java/JavaVirtualMachines/jdk1.8.0_25.jdk/Contents/Home/jre/lib" />
    <property name="jodd-log.version" value="3.6.4" />
    <property name="xmlpull.jar" value="xmlpull-1.1.3.1.jar" />
    <property name="jdom.loc" value="https://repo1.maven.org/maven2/org/jdom/jdom/1.1.3" />
    <property name="findbugs.xsldir" value="/findbugs/src/xsl" />
    <property name="bcmail.loc" value="https://repo1.maven.org/maven2/org/bouncycastle/bcmail-jdk15on/1.49" />
    <property name="java.runtime.name" value="Java(TM) SE Runtime Environment" />
    <property name="ant.project.name" value="JMeter" />
    <property name="httpmime.md5" value="291ec6eac9dfb76f2b8c4f1b647b9a21" />
    <property name="logkit.md5" value="8D82A3E91AAE216D0A2A40B837A232FF" />
    <property name="deprecation" value="off" />
    <property name="res.dir" value="res" />
    <property name="commons-io.jar" value="commons-io-2.4.jar" />
    <property name="src.css" value="xdocs/css" />
    <property name="dest.jar" value="lib/ext" />
    <property name="year" value="2015" />
    <property name="jms.jar" value="geronimo-jms_1.1_spec-1.1.1.jar" />
    <property name="src.junit" value="src/junit" />
    <property name="sun.cpu.isalist" value="" />
    <property name="bcprov.md5" value="20f367d41a546f2c844314da5d97ea12" />
    <property name="xpp3.jar" value="xpp3_min-1.1.4c.jar" />
    <property name="dnsjava.version" value="2.1.7" />
    <property name="commons-math3.version" value="3.4.1" />
    <property name="xmlpull.version" value="1.1.3.1" />
    <property name="mongo-java-driver.md5" value="90647a53231eb75715fda30759ff4ff7" />
    <property name="commons-codec.version" value="1.10" />
    <property name="user.home" value="/Users/i840044" />
    <property name="jdom.jar" value="jdom-1.1.3.jar" />
    <property name="optimize" value="on" />
    <property name="java.specification.name" value="Java Platform API Specification" />
    <property name="jms.version" value="1.1.1" />
    <property name="xerces.md5" value="43584adc1f895628055bad0aa98a1007" />
    <property name="bcmail.jar" value="bcmail-jdk15on-1.49.jar" />
    <property name="commons-collections.loc" value="https://repo1.maven.org/maven2/commons-collections/commons-collections/3.2.1" />
    <property name="dest.docs.api" value="docs/api" />
    <property name="java.specification.vendor" value="Oracle Corporation" />
    <property name="java.version" value="1.8.0_25" />
    <property name="build.http" value="build/protocol/http" />
    <property name="excalibur-logger.loc" value="https://repo1.maven.org/maven2/excalibur-logger/excalibur-logger/1.1" />
    <property name="jdom.version" value="1.1.3" />
    <property name="eclipse.pdebuild.templates" value="/Users/i840044/dev/eclipseConcordia/Eclipse.app/Contents/Eclipse/plugins/org.eclipse.pde.build_3.9.100.v20150521-1524/templates//" />
    <property name="commons-pool2.md5" value="9f406b4acc111aa8070db5a899149e70" />
    <property name="maven.dir" value="dist/maven" />
    <property name="slf4j-api.version" value="1.7.10" />
    <property name="jtidy.loc" value="https://repo1.maven.org/maven2/net/sf/jtidy/jtidy/r938" />
    <property name="dest.docs" value="docs" />
    <property name="jakarta-oro.loc" value="https://repo1.maven.org/maven2/oro/oro/2.0.8" />
    <property name="commons-collections.jar" value="commons-collections-3.2.1.jar" />
    <property name="maven.poms" value="res/maven" />
    <property name="src.monitor.model" value="src/monitor/model" />
    <property name="excalibur-pool-api.version" value="2.1" />
    <property name="build.mail" value="build/protocol/mail" />
    <property name="jodd-log.md5" value="bb2807fbc6143acceb1776c4f0b31ca0" />
    <property name="findbugs.homedir" value="/findbugs" />
    <property name="excalibur-logger.jar" value="excalibur-logger-1.1.jar" />
    <property name="tika-parsers.loc" value="https://repo1.maven.org/maven2/org/apache/tika/tika-parsers/1.7" />
    <property name="src.functions" value="src/functions" />
    <property name="build.java" value="build/protocol/java" />
    <property name="line.separator" value="&#xa;" />
    <property name="java.specification.version" value="1.8" />
    <property name="java.vm.info" value="mixed mode" />
    <property name="src.docs" value="xdocs" />
    <property name="user.country.format" value="CA" />
    <property name="build.junit" value="build/junit" />
    <property name="slf4j-nop.version" value="1.7.10" />
    <property name="sun.boot.class.path" value="/Library/Java/JavaVirtualMachines/jdk1.8.0_25.jdk/Contents/Home/jre/lib/resources.jar:/Library/Java/JavaVirtualMachines/jdk1.8.0_25.jdk/Contents/Home/jre/lib/rt.jar:/Library/Java/JavaVirtualMachines/jdk1.8.0_25.jdk/Contents/Home/jre/lib/sunrsasign.jar:/Library/Java/JavaVirtualMachines/jdk1.8.0_25.jdk/Contents/Home/jre/lib/jsse.jar:/Library/Java/JavaVirtualMachines/jdk1.8.0_25.jdk/Contents/Home/jre/lib/jce.jar:/Library/Java/JavaVirtualMachines/jdk1.8.0_25.jdk/Contents/Home/jre/lib/charsets.jar:/Library/Java/JavaVirtualMachines/jdk1.8.0_25.jdk/Contents/Home/jre/lib/jfr.jar:/Library/Java/JavaVirtualMachines/jdk1.8.0_25.jdk/Contents/Home/jre/classes" />
    <property name="jtidy.jar" value="jtidy-r938.jar" />
    <property name="jakarta-oro.jar" value="oro-2.0.8.jar" />
    <property name="eclipse.pdebuild.scripts" value="/Users/i840044/dev/eclipseConcordia/Eclipse.app/Contents/Eclipse/plugins/org.eclipse.pde.build_3.9.100.v20150521-1524/scripts//" />
    <property name="dest.jar.jmeter" value="bin" />
    <property name="src.dir" value="src" />
    <property name="xmlgraphics-commons.md5" value="86090bc1cfbb6c7bb0efee2d6c6fd7b6" />
    <property name="build.jdbc" value="build/protocol/jdbc" />
    <property name="tika-parsers.jar" value="tika-parsers-1.7.jar" />
    <property name="tika-core.version" value="1.7" />
    <property name="commons-math3.loc" value="https://repo1.maven.org/maven2/org/apache/commons/commons-math3/3.4.1" />
    <property name="xmlpull.md5" value="cc57dacc720eca721a50e78934b822d2" />
    <property name="rsyntaxtextarea.version" value="2.5.6" />
    <property name="javamail.loc" value="https://repo1.maven.org/maven2/javax/mail/mail/1.5.0-b01" />
    <property name="commons-net.loc" value="https://repo1.maven.org/maven2/commons-net/commons-net/3.3" />
    <property name="dist.dir" value="dist" />
    <property name="commons-io.version" value="2.4" />
    <property name="xalan.loc" value="https://repo1.maven.org/maven2/xalan/xalan/2.7.2" />
    <property name="httpclient.loc" value="https://repo1.maven.org/maven2/org/apache/httpcomponents/httpclient/4.2.6" />
    <property name="TODAY" value="October 22 2015" />
    <property name="java.awt.printerjob" value="sun.lwawt.macosx.CPrinterJob" />
    <property name="commons-lang.loc" value="https://repo1.maven.org/maven2/commons-lang/commons-lang/2.6" />
    <property name="src.examples" value="src/examples" />
    <property name="commons-io.md5" value="7f97854dc04c119d461fed14f5d8bb96" />
    <property name="sun.jnu.encoding" value="UTF-8" />
    <property name="commons-lang.version" value="2.6" />
    <property name="jms.md5" value="d80ce71285696d36c1add1989b94f084" />
    <property name="src.ftp" value="src/protocol/ftp" />
    <property name="lib.doc" value="lib/doc" />
    <property name="java.runtime.version" value="1.8.0_25-b17" />
    <property name="xpp3.md5" value="DCD95BCB84B09897B2B66D4684C040DA" />
    <property name="src.native" value="src/protocol/native" />
    <property name="build.monitor.model" value="build/monitor/model" />
    <property name="commons-math3.jar" value="commons-math3-3.4.1.jar" />
    <property name="user.timezone" value="America/Montreal" />
    <property name="jdom.md5" value="140bfed13341fe2039eee0f26a16d705" />
    <property name="javamail.jar" value="mail-1.5.0-b01.jar" />
    <property name="commons-net.jar" value="commons-net-3.3.jar" />
    <property name="commons-jexl2.loc" value="https://repo1.maven.org/maven2/org/apache/commons/commons-jexl/2.1.1" />
    <property name="beanshell.version" value="2.0b5" />
    <property name="bcmail.md5" value="25686fe5c9fc984ee7c63b8e1a3f6509" />
    <property name="xalan.jar" value="xalan-2.7.2.jar" />
    <property name="excalibur-datasource.version" value="2.1" />
    <property name="httpclient.jar" value="httpclient-4.2.6.jar" />
    <property name="commons-lang.jar" value="commons-lang-2.6.jar" />
    <property name="beanshell.loc" value="https://repo1.maven.org/maven2/org/beanshell/bsh/2.0b5" />
    <property name="src.images" value="xdocs/images" />
    <property name="java.ext.dirs" value="/Users/i840044/Library/Java/Extensions:/Library/Java/JavaVirtualMachines/jdk1.8.0_25.jdk/Contents/Home/jre/lib/ext:/Library/Java/Extensions:/Network/Library/Java/Extensions:/System/Library/Java/Extensions:/usr/lib/java" />
    <property name="java.class.path" value="/Users/i840044/dev/apache-jmeter-src/apache-jmeter-2.13/lib/ext/ApacheJMeter_components.jar:/Users/i840044/dev/apache-jmeter-src/apache-jmeter-2.13/lib/ext/ApacheJMeter_core.jar:/Users/i840044/dev/apache-jmeter-src/apache-jmeter-2.13/lib/ext/ApacheJMeter_ftp.jar:/Users/i840044/dev/apache-jmeter-src/apache-jmeter-2.13/lib/ext/ApacheJMeter_functions.jar:/Users/i840044/dev/apache-jmeter-src/apache-jmeter-2.13/lib/ext/ApacheJMeter_http.jar:/Users/i840044/dev/apache-jmeter-src/apache-jmeter-2.13/lib/ext/ApacheJMeter_java.jar:/Users/i840044/dev/apache-jmeter-src/apache-jmeter-2.13/lib/ext/ApacheJMeter_jdbc.jar:/Users/i840044/dev/apache-jmeter-src/apache-jmeter-2.13/lib/ext/ApacheJMeter_jms.jar:/Users/i840044/dev/apache-jmeter-src/apache-jmeter-2.13/lib/ext/ApacheJMeter_junit.jar:/Users/i840044/dev/apache-jmeter-src/apache-jmeter-2.13/lib/ext/ApacheJMeter_ldap.jar:/Users/i840044/dev/apache-jmeter-src/apache-jmeter-2.13/lib/ext/ApacheJMeter_mail.jar:/Users/i840044/dev/apache-jmeter-src/apache-jmeter-2.13/lib/ext/ApacheJMeter_mongodb.jar:/Users/i840044/dev/apache-jmeter-src/apache-jmeter-2.13/lib/ext/ApacheJMeter_monitors.jar:/Users/i840044/dev/apache-jmeter-src/apache-jmeter-2.13/lib/ext/ApacheJMeter_native.jar:/Users/i840044/dev/apache-jmeter-src/apache-jmeter-2.13/lib/ext/ApacheJMeter_tcp.jar:/Users/i840044/dev/apache-jmeter-src/apache-jmeter-2.13/lib/bsf-2.4.0.jar:/Users/i840044/dev/apache-jmeter-src/apache-jmeter-2.13/lib/avalon-framework-4.1.4.jar:/Users/i840044/dev/apache-jmeter-src/apache-jmeter-2.13/lib/bsh-2.0b5.jar:/Users/i840044/dev/apache-jmeter-src/apache-jmeter-2.13/lib/commons-codec-1.10.jar:/Users/i840044/dev/apache-jmeter-src/apache-jmeter-2.13/lib/commons-collections-3.2.1.jar:/Users/i840044/dev/apache-jmeter-src/apache-jmeter-2.13/lib/commons-httpclient-3.1.jar:/Users/i840044/dev/apache-jmeter-src/apache-jmeter-2.13/lib/commons-io-2.4.jar:/Users/i840044/dev/apache-jmeter-src/apache-jmeter-2.13/lib/commons-jexl-1.1.jar:/Users/i840044/dev/apache-jmeter-src/apache-jmeter-2.13/lib/commons-jexl-2.1.1.jar:/Users/i840044/dev/apache-jmeter-src/apache-jmeter-2.13/lib/commons-lang3-3.3.2.jar:/Users/i840044/dev/apache-jmeter-src/apache-jmeter-2.13/lib/commons-logging-1.2.jar:/Users/i840044/dev/apache-jmeter-src/apache-jmeter-2.13/lib/commons-math3-3.4.1.jar:/Users/i840044/dev/apache-jmeter-src/apache-jmeter-2.13/lib/commons-net-3.3.jar:/Users/i840044/dev/apache-jmeter-src/apache-jmeter-2.13/lib/commons-pool2-2.3.jar:/Users/i840044/dev/apache-jmeter-src/apache-jmeter-2.13/lib/dnsjava-2.1.7.jar:/Users/i840044/dev/apache-jmeter-src/apache-jmeter-2.13/lib/excalibur-datasource-2.1.jar:/Users/i840044/dev/apache-jmeter-src/apache-jmeter-2.13/lib/excalibur-instrument-1.0.jar:/Users/i840044/dev/apache-jmeter-src/apache-jmeter-2.13/lib/excalibur-logger-1.1.jar:/Users/i840044/dev/apache-jmeter-src/apache-jmeter-2.13/lib/excalibur-pool-api-2.1.jar:/Users/i840044/dev/apache-jmeter-src/apache-jmeter-2.13/lib/excalibur-pool-impl-2.1.jar:/Users/i840044/dev/apache-jmeter-src/apache-jmeter-2.13/lib/excalibur-pool-instrumented-2.1.jar:/Users/i840044/dev/apache-jmeter-src/apache-jmeter-2.13/lib/htmllexer-2.1.jar:/Users/i840044/dev/apache-jmeter-src/apache-jmeter-2.13/lib/htmlparser-2.1.jar:/Users/i840044/dev/apache-jmeter-src/apache-jmeter-2.13/lib/httpclient-4.2.6.jar:/Users/i840044/dev/apache-jmeter-src/apache-jmeter-2.13/lib/httpcore-4.2.5.jar:/Users/i840044/dev/apache-jmeter-src/apache-jmeter-2.13/lib/httpmime-4.2.6.jar:/Users/i840044/dev/apache-jmeter-src/apache-jmeter-2.13/lib/oro-2.0.8.jar:/Users/i840044/dev/apache-jmeter-src/apache-jmeter-2.13/lib/mail-1.5.0-b01.jar:/Users/i840044/dev/apache-jmeter-src/apache-jmeter-2.13/lib/jcharts-0.7.5.jar:/Users/i840044/dev/apache-jmeter-src/apache-jmeter-2.13/lib/jdom-1.1.3.jar:/Users/i840044/dev/apache-jmeter-src/apache-jmeter-2.13/lib/geronimo-jms_1.1_spec-1.1.1.jar:/Users/i840044/dev/apache-jmeter-src/apache-jmeter-2.13/lib/rhino-1.7R5.jar:/Users/i840044/dev/apache-jmeter-src/apache-jmeter-2.13/lib/jodd-core-3.6.4.jar:/Users/i840044/dev/apache-jmeter-src/apache-jmeter-2.13/lib/jodd-lagarto-3.6.4.jar:/Users/i840044/dev/apache-jmeter-src/apache-jmeter-2.13/lib/jodd-log-3.6.4.jar:/Users/i840044/dev/apache-jmeter-src/apache-jmeter-2.13/lib/jsoup-1.8.1.jar:/Users/i840044/dev/apache-jmeter-src/apache-jmeter-2.13/lib/junit-4.12.jar:/Users/i840044/dev/apache-jmeter-src/apache-jmeter-2.13/lib/logkit-2.0.jar:/Users/i840044/dev/apache-jmeter-src/apache-jmeter-2.13/lib/mongo-java-driver-2.11.3.jar:/Users/i840044/dev/apache-jmeter-src/apache-jmeter-2.13/lib/rsyntaxtextarea-2.5.6.jar:/Users/i840044/dev/apache-jmeter-src/apache-jmeter-2.13/lib/serializer-2.7.2.jar:/Users/i840044/dev/apache-jmeter-src/apache-jmeter-2.13/lib/slf4j-api-1.7.10.jar:/Users/i840044/dev/apache-jmeter-src/apache-jmeter-2.13/lib/slf4j-nop-1.7.10.jar:/Users/i840044/dev/apache-jmeter-src/apache-jmeter-2.13/lib/soap-2.3.1.jar:/Users/i840044/dev/apache-jmeter-src/apache-jmeter-2.13/lib/jtidy-r938.jar:/Users/i840044/dev/apache-jmeter-src/apache-jmeter-2.13/lib/tika-core-1.7.jar:/Users/i840044/dev/apache-jmeter-src/apache-jmeter-2.13/lib/tika-parsers-1.7.jar:/Users/i840044/dev/apache-jmeter-src/apache-jmeter-2.13/lib/xalan-2.7.2.jar:/Users/i840044/dev/apache-jmeter-src/apache-jmeter-2.13/lib/xercesImpl-2.11.0.jar:/Users/i840044/dev/apache-jmeter-src/apache-jmeter-2.13/lib/xml-apis-1.4.01.jar:/Users/i840044/dev/apache-jmeter-src/apache-jmeter-2.13/lib/xmlgraphics-commons-1.5.jar:/Users/i840044/dev/apache-jmeter-src/apache-jmeter-2.13/lib/xmlpull-1.1.3.1.jar:/Users/i840044/dev/apache-jmeter-src/apache-jmeter-2.13/lib/xpp3_min-1.1.4c.jar:/Users/i840044/dev/apache-jmeter-src/apache-jmeter-2.13/lib/xstream-1.4.8.jar:/Users/i840044/dev/apache-jmeter-src/apache-jmeter-2.13/lib/jorphan.jar:/Users/i840044/dev/apache-jmeter-src/apache-jmeter-2.13/lib/api/bcmail-jdk15on-1.49.jar:/Users/i840044/dev/apache-jmeter-src/apache-jmeter-2.13/lib/api/bcpkix-jdk15on-1.49.jar:/Users/i840044/dev/apache-jmeter-src/apache-jmeter-2.13/lib/api/bcprov-jdk15on-1.49.jar:/Users/i840044/dev/eclipseConcordia/Eclipse.app/Contents/Eclipse/plugins/org.apache.ant_1.9.4.v201504302020/lib/ant-launcher.jar:/Users/i840044/dev/eclipseConcordia/Eclipse.app/Contents/Eclipse/plugins/org.apache.ant_1.9.4.v201504302020/lib/ant.jar:/Users/i840044/dev/eclipseConcordia/Eclipse.app/Contents/Eclipse/plugins/org.apache.ant_1.9.4.v201504302020/lib/ant-junit.jar:/Users/i840044/dev/eclipseConcordia/Eclipse.app/Contents/Eclipse/plugins/org.apache.ant_1.9.4.v201504302020/lib/ant-junit4.jar" />
    <property name="src.ldap" value="src/protocol/ldap" />
    <property name="os.version" value="10.10.5" />
    <property name="jsoup.version" value="1.8.1" />
    <property name="build.functions" value="build/functions" />
    <property name="commons-jexl2.jar" value="commons-jexl-2.1.1.jar" />
    <property name="findbugs.xslname" value="fancy" />
    <property name="jcharts.loc" value="https://repo1.maven.org/maven2/jcharts/jcharts/0.7.5" />
    <property name="commons-collections.md5" value="13BC641AFD7FD95E09B260F69C1E4C91" />
    <property name="ant.file.type.JMeter" value="file" />
    <property name="beanshell.jar" value="bsh-2.0b5.jar" />
    <property name="excalibur-datasource.loc" value="https://repo1.maven.org/maven2/excalibur-datasource/excalibur-datasource/2.1" />
    <property name="commons-codec.loc" value="https://repo1.maven.org/maven2/commons-codec/commons-codec/1.10" />
    <property name="commons-logging.version" value="1.2" />
    <property name="java.awt.graphicsenv" value="sun.awt.CGraphicsEnvironment" />
    <property name="java.vm.vendor" value="Oracle Corporation" />
    <property name="excalibur-logger.md5" value="E8246C546B7B0CAFD65947E9B80BB884" />
    <property name="mongo-java-driver.version" value="2.11.3" />
    <property name="findbugs.level" value="medium" />
    <property name="bcmail.version" value="1.49" />
    <property name="tika-core.loc" value="https://repo1.maven.org/maven2/org/apache/tika/tika-core/1.7" />
    <property name="javamail.version" value="1.5.0-b01" />
    <property name="includeAntRuntime" value="false" />
    <property name="xstream.version" value="1.4.8" />
    <property name="build.monitor.components" value="build/monitor/components" />
    <property name="build.dir" value="build" />
    <property name="jcharts.jar" value="jcharts-0.7.5.jar" />
    <property name="jtidy.md5" value="6A9121561B8F98C0A8FB9B6E57F50E6B" />
    <property name="jakarta-oro.md5" value="42E940D5D2D822F4DC04C65053E630AB" />
    <property name="src.tcp" value="src/protocol/tcp" />
    <property name="commons-codec.jar" value="commons-codec-1.10.jar" />
    <property name="excalibur-datasource.jar" value="excalibur-datasource-2.1.jar" />
    <property name="ant.version" value="Apache Ant(TM) version 1.9.4 compiled on April 29 2014" />
    <property name="file.encoding" value="UTF-8" />
    <property name="jakarta-oro.version" value="2.0.8" />
    <property name="tika-parsers.md5" value="ef667e5c188e5a29464bd24a7fcb3df8" />
    <property name="lib.opt" value="lib/opt" />
    <property name="tika-core.jar" value="tika-core-1.7.jar" />
    <property name="awt.toolkit" value="sun.lwawt.macosx.LWCToolkit" />
  </properties>
  <error message="org.apache.jorphan.test.AllTests" type="java.lang.ClassNotFoundException">java.lang.ClassNotFoundException: org.apache.jorphan.test.AllTests
	at java.net.URLClassLoader$1.run(URLClassLoader.java:372)
	at java.net.URLClassLoader$1.run(URLClassLoader.java:361)
	at java.security.AccessController.doPrivileged(Native Method)
	at java.net.URLClassLoader.findClass(URLClassLoader.java:360)
	at java.lang.ClassLoader.loadClass(ClassLoader.java:424)
	at sun.misc.Launcher$AppClassLoader.loadClass(Launcher.java:308)
	at java.lang.ClassLoader.loadClass(ClassLoader.java:357)
	at java.lang.Class.forName0(Native Method)
	at java.lang.Class.forName(Class.java:260)
</error>
  <system-out><![CDATA[]]></system-out>
  <system-err><![CDATA[]]></system-err>
</testsuite>
